[INFO ] 2022-08-29 14:16:08.236 [http-nio-8083-exec-9] UserLoginServlet - Added_to_cart
[INFO ] 2022-08-29 14:16:15.388 [http-nio-8083-exec-7] UserLoginServlet - User_Login_successfully
[INFO ] 2022-08-29 14:16:51.165 [http-nio-8083-exec-3] UserLoginServlet - Cruise_bought
[INFO ] 2022-08-29 14:17:11.602 [http-nio-8083-exec-2] UserLoginServlet - Admin_Login_successfully
[INFO ] 2022-08-29 14:17:27.377 [http-nio-8083-exec-6] UserLoginServlet - Order_accepted
[INFO ] 2022-08-29 14:22:26.898 [http-nio-8083-exec-9] UserLoginServlet - User_Login_successfully
[INFO ] 2022-08-29 14:53:54.128 [http-nio-8083-exec-9] UserLoginServlet - Admin_Login_successfully
[INFO ] 2022-08-29 14:56:07.119 [http-nio-8083-exec-6] UserLoginServlet - Admin_Login_successfully
[INFO ] 2022-08-29 15:06:28.134 [http-nio-8083-exec-8] UserLoginServlet - Admin_Login_successfully
[INFO ] 2022-08-29 15:10:57.527 [http-nio-8083-exec-4] UserLoginServlet - User_Login_successfully
[INFO ] 2022-08-29 15:11:35.083 [http-nio-8083-exec-10] UserLoginServlet - Added_to_cart
[INFO ] 2022-08-29 15:11:41.618 [http-nio-8083-exec-6] UserLoginServlet - Cruise_bought
[INFO ] 2022-08-29 15:13:55.013 [http-nio-8083-exec-10] UserLoginServlet - User_Login_successfully
[INFO ] 2022-08-29 15:14:08.479 [http-nio-8083-exec-7] UserLoginServlet - Admin_Login_successfully
[INFO ] 2022-08-29 15:19:23.577 [http-nio-8083-exec-9] UserLoginServlet - Admin_Login_successfully
[INFO ] 2022-08-29 15:23:57.618 [http-nio-8083-exec-6] UserLoginServlet - User_Login_successfully
[INFO ] 2022-08-29 15:27:24.967 [http-nio-8083-exec-6] UserLoginServlet - Added_to_cart
[INFO ] 2022-08-29 15:30:02.504 [http-nio-8083-exec-4] UserLoginServlet - Added_to_cart
[INFO ] 2022-08-29 15:31:27.896 [http-nio-8083-exec-4] UserLoginServlet - User_Login_successfully
[INFO ] 2022-08-29 15:33:49.445 [http-nio-8083-exec-8] UserLoginServlet - User_Login_successfully
[INFO ] 2022-08-29 15:38:41.714 [http-nio-8083-exec-10] UserLoginServlet - User_Login_successfully
[INFO ] 2022-08-29 15:38:43.142 [http-nio-8083-exec-9] UserLoginServlet - Added_to_cart
[INFO ] 2022-08-29 16:17:37.776 [http-nio-8083-exec-5] UserLoginServlet - Added_to_cart
[INFO ] 2022-08-29 16:20:13.571 [http-nio-8083-exec-4] UserLoginServlet - Added_to_cart
[INFO ] 2022-08-29 16:20:21.645 [http-nio-8083-exec-1] UserLoginServlet - User_Login_successfully
[INFO ] 2022-08-29 16:25:30.262 [http-nio-8083-exec-6] UserLoginServlet - Added_to_cart
[INFO ] 2022-08-29 16:25:35.822 [http-nio-8083-exec-1] UserLoginServlet - User_Login_successfully
[INFO ] 2022-08-29 16:28:40.964 [http-nio-8083-exec-7] UserLoginServlet - Added_to_cart
[INFO ] 2022-08-29 16:29:08.761 [http-nio-8083-exec-8] UserLoginServlet - User_Login_successfully
[INFO ] 2022-08-29 16:40:09.791 [http-nio-8083-exec-6] UserLoginServlet - Added_to_cart
[INFO ] 2022-08-29 16:40:45.048 [http-nio-8083-exec-5] UserLoginServlet - Cruise_removed_from_cart
[INFO ] 2022-08-29 16:42:15.018 [http-nio-8083-exec-5] UserLoginServlet - Added_to_cart
[INFO ] 2022-08-29 16:42:19.891 [http-nio-8083-exec-10] UserLoginServlet - User_Login_successfully
[INFO ] 2022-08-29 16:43:50.643 [http-nio-8083-exec-8] UserLoginServlet - User_Login_successfully
[INFO ] 2022-08-29 16:43:52.257 [http-nio-8083-exec-10] UserLoginServlet - Added_to_cart
[INFO ] 2022-08-29 16:44:10.435 [http-nio-8083-exec-4] UserLoginServlet - Added_to_cart
[INFO ] 2022-08-29 16:44:16.373 [http-nio-8083-exec-9] UserLoginServlet - User_Login_successfully
[INFO ] 2022-08-29 16:47:34.416 [http-nio-8083-exec-7] UserLoginServlet - User_Login_successfully
[INFO ] 2022-08-29 16:47:35.299 [http-nio-8083-exec-8] UserLoginServlet - Added_to_cart
[INFO ] 2022-08-29 16:51:26.033 [http-nio-8083-exec-6] UserLoginServlet - Added_to_cart
[INFO ] 2022-08-29 16:51:32.423 [http-nio-8083-exec-2] UserLoginServlet - User_Login_successfully
[INFO ] 2022-08-29 17:24:04.218 [http-nio-8083-exec-7] UserLoginServlet - Added_to_cart
[INFO ] 2022-08-29 17:24:04.902 [http-nio-8083-exec-9] HikariDataSource - HikariPool-1 - Starting...
[INFO ] 2022-08-29 17:24:04.926 [http-nio-8083-exec-9] HikariPool - HikariPool-1 - Added connection com.mysql.cj.jdbc.ConnectionImpl@288e54c4
[INFO ] 2022-08-29 17:24:04.929 [http-nio-8083-exec-9] HikariDataSource - HikariPool-1 - Start completed.
[INFO ] 2022-08-29 17:24:12.521 [http-nio-8083-exec-4] UserLoginServlet - User_Login_successfully
[INFO ] 2022-08-29 17:26:58.559 [http-nio-8083-exec-5] UserLoginServlet - Added_to_cart
[INFO ] 2022-08-29 17:26:59.795 [http-nio-8083-exec-7] HikariDataSource - HikariPool-1 - Starting...
[INFO ] 2022-08-29 17:26:59.827 [http-nio-8083-exec-7] HikariPool - HikariPool-1 - Added connection com.mysql.cj.jdbc.ConnectionImpl@5baec0b8
[INFO ] 2022-08-29 17:26:59.830 [http-nio-8083-exec-7] HikariDataSource - HikariPool-1 - Start completed.
[INFO ] 2022-08-29 17:27:08.009 [http-nio-8083-exec-2] UserLoginServlet - User_Login_successfully
[INFO ] 2022-08-29 17:33:11.618 [http-nio-8083-exec-9] HikariDataSource - HikariPool-1 - Starting...
[INFO ] 2022-08-29 17:33:11.655 [http-nio-8083-exec-9] HikariPool - HikariPool-1 - Added connection com.mysql.cj.jdbc.ConnectionImpl@5719ebef
[INFO ] 2022-08-29 17:33:11.658 [http-nio-8083-exec-9] HikariDataSource - HikariPool-1 - Start completed.
[INFO ] 2022-08-29 17:33:11.673 [http-nio-8083-exec-9] UserLoginServlet - User_Login_successfully
[INFO ] 2022-08-29 17:33:29.550 [http-nio-8083-exec-10] UserLoginServlet - Added_to_cart
[INFO ] 2022-08-29 17:33:38.338 [http-nio-8083-exec-7] UserLoginServlet - Balance added
[INFO ] 2022-08-29 17:33:49.098 [http-nio-8083-exec-3] UserLoginServlet - Cruise_bought
[INFO ] 2022-08-29 17:35:59.553 [http-nio-8083-exec-10] HikariDataSource - HikariPool-1 - Starting...
[INFO ] 2022-08-29 17:35:59.590 [http-nio-8083-exec-10] HikariPool - HikariPool-1 - Added connection com.mysql.cj.jdbc.ConnectionImpl@7dd96a4a
[INFO ] 2022-08-29 17:35:59.593 [http-nio-8083-exec-10] HikariDataSource - HikariPool-1 - Start completed.
[INFO ] 2022-08-29 17:35:59.609 [http-nio-8083-exec-10] UserLoginServlet - User_Login_successfully
[INFO ] 2022-08-29 17:39:16.558 [http-nio-8083-exec-8] HikariDataSource - HikariPool-1 - Starting...
[INFO ] 2022-08-29 17:39:16.594 [http-nio-8083-exec-8] HikariPool - HikariPool-1 - Added connection com.mysql.cj.jdbc.ConnectionImpl@780ee2b4
[INFO ] 2022-08-29 17:39:16.599 [http-nio-8083-exec-8] HikariDataSource - HikariPool-1 - Start completed.
[INFO ] 2022-08-29 17:39:16.613 [http-nio-8083-exec-8] UserLoginServlet - User_Login_successfully
[INFO ] 2022-08-29 17:39:43.208 [http-nio-8083-exec-1] UserLoginServlet - Added_to_cart
[INFO ] 2022-08-29 17:40:11.057 [http-nio-8083-exec-2] UserLoginServlet - Cruise_removed_from_cart
[INFO ] 2022-08-29 17:40:26.015 [http-nio-8083-exec-7] DBConnection - Connection successfully
[INFO ] 2022-08-29 17:40:26.015 [http-nio-8083-exec-5] DBConnection - Connection successfully
[INFO ] 2022-08-29 17:40:26.015 [http-nio-8083-exec-6] DBConnection - Connection successfully
[INFO ] 2022-08-29 17:40:26.015 [http-nio-8083-exec-3] DBConnection - Connection successfully
[INFO ] 2022-08-29 17:44:27.686 [http-nio-8083-exec-6] UserLoginServlet - Added_to_cart
[INFO ] 2022-08-29 17:44:28.498 [http-nio-8083-exec-8] HikariDataSource - HikariPool-1 - Starting...
[INFO ] 2022-08-29 17:44:28.530 [http-nio-8083-exec-8] HikariPool - HikariPool-1 - Added connection com.mysql.cj.jdbc.ConnectionImpl@4c024fcf
[INFO ] 2022-08-29 17:44:28.533 [http-nio-8083-exec-8] HikariDataSource - HikariPool-1 - Start completed.
[INFO ] 2022-08-29 17:47:10.275 [http-nio-8083-exec-5] UserLoginServlet - Added_to_cart
[INFO ] 2022-08-29 17:47:10.949 [http-nio-8083-exec-7] HikariDataSource - HikariPool-1 - Starting...
[INFO ] 2022-08-29 17:47:10.977 [http-nio-8083-exec-7] HikariPool - HikariPool-1 - Added connection com.mysql.cj.jdbc.ConnectionImpl@4c024fcf
[INFO ] 2022-08-29 17:47:10.979 [http-nio-8083-exec-7] HikariDataSource - HikariPool-1 - Start completed.
[INFO ] 2022-08-29 17:47:18.890 [http-nio-8083-exec-3] UserLoginServlet - User_Login_successfully
[INFO ] 2022-08-29 17:47:29.472 [http-nio-8083-exec-2] UserLoginServlet - Balance added
[INFO ] 2022-08-29 17:48:39.266 [http-nio-8083-exec-3] DBConnection - Connection successfully
[INFO ] 2022-08-29 17:48:39.266 [http-nio-8083-exec-4] DBConnection - Connection successfully
[INFO ] 2022-08-29 17:48:39.266 [http-nio-8083-exec-6] DBConnection - Connection successfully
[INFO ] 2022-08-29 19:04:52.522 [http-nio-8083-exec-1] HikariDataSource - HikariPool-1 - Starting...
[INFO ] 2022-08-29 19:04:52.713 [http-nio-8083-exec-1] HikariPool - HikariPool-1 - Added connection com.mysql.cj.jdbc.ConnectionImpl@5186a440
[INFO ] 2022-08-29 19:04:52.717 [http-nio-8083-exec-1] HikariDataSource - HikariPool-1 - Start completed.
[INFO ] 2022-08-29 19:05:01.167 [http-nio-8083-exec-6] UserLoginServlet - Added_to_cart
[INFO ] 2022-08-29 19:09:47.967 [http-nio-8083-exec-1] HikariDataSource - HikariPool-1 - Starting...
[INFO ] 2022-08-29 19:09:48.162 [http-nio-8083-exec-1] HikariPool - HikariPool-1 - Added connection com.mysql.cj.jdbc.ConnectionImpl@74a410ac
[INFO ] 2022-08-29 19:09:48.164 [http-nio-8083-exec-1] HikariDataSource - HikariPool-1 - Start completed.
[INFO ] 2022-08-29 19:10:03.082 [http-nio-8083-exec-7] UserLoginServlet - Added_to_cart
[INFO ] 2022-08-29 19:13:22.762 [http-nio-8083-exec-1] HikariDataSource - HikariPool-1 - Starting...
[INFO ] 2022-08-29 19:13:22.995 [http-nio-8083-exec-1] HikariPool - HikariPool-1 - Added connection com.mysql.cj.jdbc.ConnectionImpl@27547144
[INFO ] 2022-08-29 19:13:23.001 [http-nio-8083-exec-1] HikariDataSource - HikariPool-1 - Start completed.
[INFO ] 2022-08-29 19:13:41.967 [http-nio-8083-exec-7] UserLoginServlet - User_Login_successfully
[INFO ] 2022-08-29 19:13:48.944 [http-nio-8083-exec-2] UserLoginServlet - Balance added
[INFO ] 2022-08-29 19:14:11.511 [http-nio-8083-exec-6] UserLoginServlet - Added_to_cart
[INFO ] 2022-08-29 19:17:01.761 [http-nio-8083-exec-1] HikariDataSource - HikariPool-1 - Starting...
[INFO ] 2022-08-29 19:17:01.953 [http-nio-8083-exec-1] HikariPool - HikariPool-1 - Added connection com.mysql.cj.jdbc.ConnectionImpl@5186a440
[INFO ] 2022-08-29 19:17:01.956 [http-nio-8083-exec-1] HikariDataSource - HikariPool-1 - Start completed.
[INFO ] 2022-08-29 19:17:08.743 [http-nio-8083-exec-5] UserLoginServlet - Added_to_cart
[INFO ] 2022-08-29 19:27:05.936 [http-nio-8083-exec-1] HikariDataSource - HikariPool-1 - Starting...
[INFO ] 2022-08-29 19:27:06.153 [http-nio-8083-exec-1] HikariPool - HikariPool-1 - Added connection com.mysql.cj.jdbc.ConnectionImpl@5186a440
[INFO ] 2022-08-29 19:27:06.156 [http-nio-8083-exec-1] HikariDataSource - HikariPool-1 - Start completed.
[INFO ] 2022-08-29 19:27:11.381 [http-nio-8083-exec-5] UserLoginServlet - Added_to_cart
[INFO ] 2022-08-29 19:30:00.629 [http-nio-8083-exec-1] HikariDataSource - HikariPool-1 - Starting...
[INFO ] 2022-08-29 19:30:00.823 [http-nio-8083-exec-1] HikariPool - HikariPool-1 - Added connection com.mysql.cj.jdbc.ConnectionImpl@46322056
[INFO ] 2022-08-29 19:30:00.826 [http-nio-8083-exec-1] HikariDataSource - HikariPool-1 - Start completed.
[INFO ] 2022-08-29 19:30:04.333 [http-nio-8083-exec-7] UserLoginServlet - Added_to_cart
[WARN ] 2022-08-29 19:30:57.150 [HikariPool-1 housekeeper] HikariPool - HikariPool-1 - Thread starvation or clock leap detected (housekeeper delta=56s217ms846µs600ns).
[INFO ] 2022-08-29 19:32:16.496 [http-nio-8083-exec-1] HikariDataSource - HikariPool-1 - Starting...
[INFO ] 2022-08-29 19:32:16.696 [http-nio-8083-exec-1] HikariPool - HikariPool-1 - Added connection com.mysql.cj.jdbc.ConnectionImpl@5186a440
[INFO ] 2022-08-29 19:32:16.699 [http-nio-8083-exec-1] HikariDataSource - HikariPool-1 - Start completed.
[INFO ] 2022-08-29 19:33:22.487 [http-nio-8083-exec-1] HikariDataSource - HikariPool-1 - Starting...
[INFO ] 2022-08-29 19:33:22.684 [http-nio-8083-exec-1] HikariPool - HikariPool-1 - Added connection com.mysql.cj.jdbc.ConnectionImpl@ac97b4b
[INFO ] 2022-08-29 19:33:22.686 [http-nio-8083-exec-1] HikariDataSource - HikariPool-1 - Start completed.
[INFO ] 2022-08-29 19:33:27.988 [http-nio-8083-exec-4] UserLoginServlet - Added_to_cart
[INFO ] 2022-08-29 19:33:43.357 [http-nio-8083-exec-5] UserLoginServlet - User_Login_successfully
[INFO ] 2022-08-29 19:34:06.248 [http-nio-8083-exec-9] UserLoginServlet - Balance added
[INFO ] 2022-08-29 19:35:49.725 [http-nio-8083-exec-2] UserLoginServlet - Cruise_bought
[INFO ] 2022-08-29 19:36:20.677 [http-nio-8083-exec-2] UserLoginServlet - Admin_Login_successfully
[INFO ] 2022-08-29 19:43:25.743 [http-nio-8083-exec-1] HikariDataSource - HikariPool-1 - Starting...
[INFO ] 2022-08-29 19:43:25.934 [http-nio-8083-exec-1] HikariPool - HikariPool-1 - Added connection com.mysql.cj.jdbc.ConnectionImpl@5186a440
[INFO ] 2022-08-29 19:43:25.937 [http-nio-8083-exec-1] HikariDataSource - HikariPool-1 - Start completed.
[INFO ] 2022-08-29 19:43:29.510 [http-nio-8083-exec-5] UserLoginServlet - Added_to_cart
[INFO ] 2022-08-29 19:43:38.139 [http-nio-8083-exec-2] UserLoginServlet - User_Login_successfully
[INFO ] 2022-08-29 19:43:48.731 [http-nio-8083-exec-6] UserLoginServlet - Cruise_removed_from_cart
[INFO ] 2022-08-29 20:08:02.974 [http-nio-8083-exec-3] UserLoginServlet - User_Login_successfully
[INFO ] 2022-08-29 20:08:12.709 [http-nio-8083-exec-5] UserLoginServlet - Added_to_cart
[INFO ] 2022-08-29 20:08:27.395 [http-nio-8083-exec-5] UserLoginServlet - Cruise_bought
