[INFO ] 2022-08-28 12:07:07.304 [http-nio-8083-exec-1] HikariDataSource - HikariPool-1 - Starting...
[INFO ] 2022-08-28 12:07:07.513 [http-nio-8083-exec-1] HikariPool - HikariPool-1 - Added connection com.mysql.cj.jdbc.ConnectionImpl@4b2c36e1
[INFO ] 2022-08-28 12:07:07.515 [http-nio-8083-exec-1] HikariDataSource - HikariPool-1 - Start completed.
[INFO ] 2022-08-28 12:07:14.017 [http-nio-8083-exec-7] UserLoginServlet - Added_to_cart
[INFO ] 2022-08-28 12:07:25.025 [http-nio-8083-exec-7] UserLoginServlet - User_Login_successfully
[INFO ] 2022-08-28 12:09:03.170 [http-nio-8083-exec-1] HikariDataSource - HikariPool-1 - Starting...
[INFO ] 2022-08-28 12:09:03.363 [http-nio-8083-exec-1] HikariPool - HikariPool-1 - Added connection com.mysql.cj.jdbc.ConnectionImpl@5186a440
[INFO ] 2022-08-28 12:09:03.367 [http-nio-8083-exec-1] HikariDataSource - HikariPool-1 - Start completed.
[INFO ] 2022-08-28 12:09:05.414 [http-nio-8083-exec-5] UserLoginServlet - Added_to_cart
[INFO ] 2022-08-28 12:09:13.568 [http-nio-8083-exec-1] UserLoginServlet - User_Login_successfully
[INFO ] 2022-08-28 12:10:12.368 [http-nio-8083-exec-8] UserLoginServlet - Balance added
[INFO ] 2022-08-28 12:12:52.197 [http-nio-8083-exec-2] HikariDataSource - HikariPool-1 - Starting...
[INFO ] 2022-08-28 12:12:52.395 [http-nio-8083-exec-2] HikariPool - HikariPool-1 - Added connection com.mysql.cj.jdbc.ConnectionImpl@2783a081
[INFO ] 2022-08-28 12:12:52.399 [http-nio-8083-exec-2] HikariDataSource - HikariPool-1 - Start completed.
[INFO ] 2022-08-28 12:13:00.045 [http-nio-8083-exec-7] UserLoginServlet - Added_to_cart
[INFO ] 2022-08-28 12:13:06.613 [http-nio-8083-exec-4] UserLoginServlet - User_Login_successfully
[INFO ] 2022-08-28 12:13:33.353 [http-nio-8083-exec-6] UserLoginServlet - Cruise_bought
[INFO ] 2022-08-28 12:19:46.797 [http-nio-8083-exec-1] HikariDataSource - HikariPool-1 - Starting...
[INFO ] 2022-08-28 12:19:46.993 [http-nio-8083-exec-1] HikariPool - HikariPool-1 - Added connection com.mysql.cj.jdbc.ConnectionImpl@5186a440
[INFO ] 2022-08-28 12:19:46.996 [http-nio-8083-exec-1] HikariDataSource - HikariPool-1 - Start completed.
[INFO ] 2022-08-28 12:20:00.532 [http-nio-8083-exec-8] UserLoginServlet - User_Login_successfully
[INFO ] 2022-08-28 12:22:38.190 [http-nio-8083-exec-1] HikariDataSource - HikariPool-1 - Starting...
[INFO ] 2022-08-28 12:22:38.387 [http-nio-8083-exec-1] HikariPool - HikariPool-1 - Added connection com.mysql.cj.jdbc.ConnectionImpl@5186a440
[INFO ] 2022-08-28 12:22:38.389 [http-nio-8083-exec-1] HikariDataSource - HikariPool-1 - Start completed.
[INFO ] 2022-08-28 12:22:45.657 [http-nio-8083-exec-7] UserLoginServlet - User_Login_successfully
[INFO ] 2022-08-28 12:22:47.202 [http-nio-8083-exec-8] UserLoginServlet - Added_to_cart
[INFO ] 2022-08-28 12:23:03.201 [http-nio-8083-exec-8] UserLoginServlet - Balance added
[INFO ] 2022-08-28 12:23:13.196 [http-nio-8083-exec-6] UserLoginServlet - Cruise_bought
[INFO ] 2022-08-28 12:24:47.227 [http-nio-8083-exec-1] HikariDataSource - HikariPool-1 - Starting...
[INFO ] 2022-08-28 12:24:47.432 [http-nio-8083-exec-1] HikariPool - HikariPool-1 - Added connection com.mysql.cj.jdbc.ConnectionImpl@74a410ac
[INFO ] 2022-08-28 12:24:47.435 [http-nio-8083-exec-1] HikariDataSource - HikariPool-1 - Start completed.
[INFO ] 2022-08-28 12:24:58.701 [http-nio-8083-exec-7] UserLoginServlet - User_Login_successfully
[INFO ] 2022-08-28 12:31:16.102 [http-nio-8083-exec-1] HikariDataSource - HikariPool-1 - Starting...
[INFO ] 2022-08-28 12:31:16.311 [http-nio-8083-exec-1] HikariPool - HikariPool-1 - Added connection com.mysql.cj.jdbc.ConnectionImpl@d7e27e4
[INFO ] 2022-08-28 12:31:16.314 [http-nio-8083-exec-1] HikariDataSource - HikariPool-1 - Start completed.
[INFO ] 2022-08-28 12:31:26.157 [http-nio-8083-exec-1] UserLoginServlet - User_Login_successfully
[INFO ] 2022-08-28 12:32:00.574 [http-nio-8083-exec-5] DBConnection - Connection successfully
[INFO ] 2022-08-28 12:32:04.021 [http-nio-8083-exec-1] DBConnection - Connection successfully
[INFO ] 2022-08-28 12:32:04.021 [http-nio-8083-exec-10] DBConnection - Connection successfully
[INFO ] 2022-08-28 12:32:04.021 [http-nio-8083-exec-8] DBConnection - Connection successfully
[INFO ] 2022-08-28 12:33:41.963 [http-nio-8083-exec-1] HikariDataSource - HikariPool-1 - Starting...
[INFO ] 2022-08-28 12:33:42.172 [http-nio-8083-exec-1] HikariPool - HikariPool-1 - Added connection com.mysql.cj.jdbc.ConnectionImpl@5e19363c
[INFO ] 2022-08-28 12:33:42.175 [http-nio-8083-exec-1] HikariDataSource - HikariPool-1 - Start completed.
[INFO ] 2022-08-28 12:34:06.175 [http-nio-8083-exec-1] UserLoginServlet - User_Login_successfully
[INFO ] 2022-08-28 12:34:55.713 [http-nio-8083-exec-6] DBConnection - Connection successfully
[INFO ] 2022-08-28 12:34:58.445 [http-nio-8083-exec-9] DBConnection - Connection successfully
[INFO ] 2022-08-28 12:35:00.080 [http-nio-8083-exec-3] DBConnection - Connection successfully
[INFO ] 2022-08-28 12:42:21.989 [http-nio-8083-exec-1] HikariDataSource - HikariPool-1 - Starting...
[INFO ] 2022-08-28 12:42:22.194 [http-nio-8083-exec-1] HikariPool - HikariPool-1 - Added connection com.mysql.cj.jdbc.ConnectionImpl@5689889b
[INFO ] 2022-08-28 12:42:22.197 [http-nio-8083-exec-1] HikariDataSource - HikariPool-1 - Start completed.
[INFO ] 2022-08-28 12:42:35.806 [http-nio-8083-exec-7] UserLoginServlet - Admin_Login_successfully
[INFO ] 2022-08-28 12:42:59.092 [http-nio-8083-exec-7] DBConnection - Connection successfully
[INFO ] 2022-08-28 12:42:59.092 [http-nio-8083-exec-3] DBConnection - Connection successfully
[INFO ] 2022-08-28 12:42:59.092 [http-nio-8083-exec-2] DBConnection - Connection successfully
[INFO ] 2022-08-28 12:42:59.092 [http-nio-8083-exec-5] DBConnection - Connection successfully
[INFO ] 2022-08-28 12:44:02.639 [http-nio-8083-exec-1] HikariDataSource - HikariPool-1 - Starting...
[INFO ] 2022-08-28 12:44:02.835 [http-nio-8083-exec-1] HikariPool - HikariPool-1 - Added connection com.mysql.cj.jdbc.ConnectionImpl@5186a440
[INFO ] 2022-08-28 12:44:02.837 [http-nio-8083-exec-1] HikariDataSource - HikariPool-1 - Start completed.
[INFO ] 2022-08-28 12:44:12.146 [http-nio-8083-exec-8] UserLoginServlet - Admin_Login_successfully
[INFO ] 2022-08-28 12:54:10.351 [http-nio-8083-exec-8] HikariDataSource - HikariPool-1 - Starting...
[INFO ] 2022-08-28 12:54:10.386 [http-nio-8083-exec-8] HikariPool - HikariPool-1 - Added connection com.mysql.cj.jdbc.ConnectionImpl@780ee2b4
[INFO ] 2022-08-28 12:54:10.389 [http-nio-8083-exec-8] HikariDataSource - HikariPool-1 - Start completed.
[INFO ] 2022-08-28 12:54:10.404 [http-nio-8083-exec-8] UserLoginServlet - User_Login_successfully
[INFO ] 2022-08-28 12:54:11.811 [http-nio-8083-exec-9] UserLoginServlet - Added_to_cart
[INFO ] 2022-08-28 12:55:29.088 [http-nio-8083-exec-4] UserLoginServlet - Balance added
[INFO ] 2022-08-28 13:00:17.520 [http-nio-8083-exec-4] UserLoginServlet - Cruise_bought
[INFO ] 2022-08-28 16:25:29.773 [http-nio-8083-exec-9] UserLoginServlet - User_Login_successfully
[INFO ] 2022-08-28 16:25:35.763 [http-nio-8083-exec-4] UserLoginServlet - Balance added
[INFO ] 2022-08-28 16:26:05.396 [http-nio-8083-exec-3] UserLoginServlet - Added_to_cart
[INFO ] 2022-08-28 16:26:22.523 [http-nio-8083-exec-10] UserLoginServlet - Cruise_bought
[INFO ] 2022-08-28 16:30:45.489 [http-nio-8083-exec-8] UserLoginServlet - User_Login_successfully
[INFO ] 2022-08-28 20:59:32.555 [http-nio-8083-exec-9] UserLoginServlet - Admin_Login_successfully
[INFO ] 2022-08-28 21:04:10.550 [http-nio-8083-exec-10] UserLoginServlet - Admin_Login_successfully
[INFO ] 2022-08-28 21:09:20.441 [http-nio-8083-exec-9] UserLoginServlet - Admin_Login_successfully
[INFO ] 2022-08-28 21:26:39.366 [http-nio-8083-exec-7] UserLoginServlet - Added_to_cart
[INFO ] 2022-08-28 21:29:01.270 [http-nio-8083-exec-6] UserLoginServlet - Added_to_cart
[INFO ] 2022-08-28 21:29:07.546 [http-nio-8083-exec-2] UserLoginServlet - User_Login_successfully
[INFO ] 2022-08-28 21:48:59.658 [http-nio-8083-exec-5] UserLoginServlet - Added_to_cart
[INFO ] 2022-08-28 21:49:05.951 [http-nio-8083-exec-2] UserLoginServlet - User_Login_successfully
[INFO ] 2022-08-28 21:51:24.986 [http-nio-8083-exec-4] UserLoginServlet - Added_to_cart
[INFO ] 2022-08-28 21:51:31.156 [http-nio-8083-exec-1] UserLoginServlet - User_Login_successfully
[INFO ] 2022-08-28 21:51:40.934 [http-nio-8083-exec-6] UserLoginServlet - Cruise_bought
[INFO ] 2022-08-28 21:54:10.708 [http-nio-8083-exec-5] UserLoginServlet - Added_to_cart
[INFO ] 2022-08-28 21:54:17.597 [http-nio-8083-exec-1] UserLoginServlet - User_Login_successfully
[INFO ] 2022-08-28 21:55:36.803 [http-nio-8083-exec-4] UserLoginServlet - Added_to_cart
[INFO ] 2022-08-28 21:55:42.796 [http-nio-8083-exec-1] UserLoginServlet - User_Login_successfully
[INFO ] 2022-08-28 21:57:44.822 [http-nio-8083-exec-3] UserLoginServlet - Cruise_removed_from_cart
[INFO ] 2022-08-28 22:07:35.233 [http-nio-8083-exec-7] UserLoginServlet - User_Login_successfully
[INFO ] 2022-08-28 22:07:40.436 [http-nio-8083-exec-8] UserLoginServlet - Added_to_cart
[INFO ] 2022-08-28 22:09:47.402 [http-nio-8083-exec-10] UserLoginServlet - Cruise_removed_from_cart
[INFO ] 2022-08-28 22:17:48.994 [http-nio-8083-exec-5] UserLoginServlet - Added_to_cart
[INFO ] 2022-08-28 22:17:57.393 [http-nio-8083-exec-4] UserLoginServlet - User_Login_successfully
[INFO ] 2022-08-28 22:18:07.388 [http-nio-8083-exec-9] UserLoginServlet - Cruise_removed_from_cart
[INFO ] 2022-08-28 22:19:46.215 [http-nio-8083-exec-5] UserLoginServlet - Added_to_cart
[INFO ] 2022-08-28 22:19:53.258 [http-nio-8083-exec-1] UserLoginServlet - User_Login_successfully
[INFO ] 2022-08-28 22:20:02.244 [http-nio-8083-exec-7] UserLoginServlet - Cruise_removed_from_cart
[INFO ] 2022-08-28 22:24:55.924 [http-nio-8083-exec-4] UserLoginServlet - Added_to_cart
[INFO ] 2022-08-28 22:25:15.383 [http-nio-8083-exec-8] UserLoginServlet - User_Login_successfully
[INFO ] 2022-08-28 22:26:24.167 [http-nio-8083-exec-5] UserLoginServlet - Added_to_cart
[INFO ] 2022-08-28 22:26:31.024 [http-nio-8083-exec-1] UserLoginServlet - User_Login_successfully
[INFO ] 2022-08-28 22:31:40.808 [http-nio-8083-exec-2] UserLoginServlet - Added_to_cart
[INFO ] 2022-08-28 22:31:49.889 [http-nio-8083-exec-10] UserLoginServlet - User_Login_successfully
[INFO ] 2022-08-28 22:35:25.239 [http-nio-8083-exec-4] UserLoginServlet - Added_to_cart
[INFO ] 2022-08-28 22:35:46.130 [http-nio-8083-exec-1] UserLoginServlet - User_Login_successfully
[INFO ] 2022-08-28 22:40:16.229 [http-nio-8083-exec-7] UserLoginServlet - User_Login_successfully
[INFO ] 2022-08-28 22:40:17.239 [http-nio-8083-exec-8] UserLoginServlet - Added_to_cart
[INFO ] 2022-08-28 22:40:25.103 [http-nio-8083-exec-1] UserLoginServlet - Cruise_bought
[INFO ] 2022-08-28 22:42:08.471 [http-nio-8083-exec-5] UserLoginServlet - Added_to_cart
[INFO ] 2022-08-28 22:42:17.792 [http-nio-8083-exec-2] UserLoginServlet - User_Login_successfully
[INFO ] 2022-08-28 22:42:23.821 [http-nio-8083-exec-7] UserLoginServlet - Cruise_bought
[INFO ] 2022-08-28 22:43:33.493 [http-nio-8083-exec-4] UserLoginServlet - Added_to_cart
[INFO ] 2022-08-28 22:43:40.686 [http-nio-8083-exec-10] UserLoginServlet - User_Login_successfully
[INFO ] 2022-08-28 22:43:50.767 [http-nio-8083-exec-5] UserLoginServlet - Cruise_bought
[INFO ] 2022-08-28 22:44:50.595 [http-nio-8083-exec-8] UserLoginServlet - Cruise_bought
[INFO ] 2022-08-28 22:45:59.102 [http-nio-8083-exec-5] UserLoginServlet - Added_to_cart
[INFO ] 2022-08-28 22:46:10.944 [http-nio-8083-exec-5] UserLoginServlet - User_Login_successfully
[INFO ] 2022-08-28 22:49:25.650 [http-nio-8083-exec-5] UserLoginServlet - Added_to_cart
[INFO ] 2022-08-28 22:49:32.218 [http-nio-8083-exec-2] UserLoginServlet - User_Login_successfully
[INFO ] 2022-08-28 22:50:35.628 [http-nio-8083-exec-7] UserLoginServlet - Added_to_cart
[INFO ] 2022-08-28 22:50:42.027 [http-nio-8083-exec-4] UserLoginServlet - User_Login_successfully
[INFO ] 2022-08-28 22:51:41.911 [http-nio-8083-exec-4] UserLoginServlet - Added_to_cart
[INFO ] 2022-08-28 22:51:49.068 [http-nio-8083-exec-1] UserLoginServlet - User_Login_successfully
[INFO ] 2022-08-28 22:52:08.521 [http-nio-8083-exec-6] UserLoginServlet - Cruise_bought
[INFO ] 2022-08-28 23:09:24.446 [http-nio-8083-exec-5] UserLoginServlet - Added_to_cart
[INFO ] 2022-08-28 23:09:40.101 [http-nio-8083-exec-5] UserLoginServlet - User_Login_successfully
[INFO ] 2022-08-28 23:10:25.616 [http-nio-8083-exec-5] UserLoginServlet - Cruise_bought
[INFO ] 2022-08-28 23:11:03.269 [http-nio-8083-exec-10] UserLoginServlet - Cruise_bought
[INFO ] 2022-08-28 23:12:47.680 [http-nio-8083-exec-8] UserLoginServlet - User_Login_successfully
[INFO ] 2022-08-28 23:12:48.732 [http-nio-8083-exec-9] UserLoginServlet - Added_to_cart
[INFO ] 2022-08-28 23:14:35.693 [http-nio-8083-exec-5] UserLoginServlet - Added_to_cart
[INFO ] 2022-08-28 23:14:44.549 [http-nio-8083-exec-2] UserLoginServlet - User_Login_successfully
[INFO ] 2022-08-28 23:15:10.761 [http-nio-8083-exec-7] UserLoginServlet - Cruise_bought
[INFO ] 2022-08-28 23:17:34.580 [http-nio-8083-exec-8] UserLoginServlet - User_Login_successfully
[INFO ] 2022-08-28 23:17:46.544 [http-nio-8083-exec-10] UserLoginServlet - Added_to_cart
[INFO ] 2022-08-28 23:18:00.428 [http-nio-8083-exec-6] UserLoginServlet - Cruise_bought
[INFO ] 2022-08-28 23:27:34.428 [http-nio-8083-exec-2] UserLoginServlet - User_Login_successfully
[INFO ] 2022-08-28 23:27:35.833 [http-nio-8083-exec-1] UserLoginServlet - Added_to_cart
[INFO ] 2022-08-28 23:40:58.133 [http-nio-8083-exec-7] UserLoginServlet - Added_to_cart
[INFO ] 2022-08-28 23:41:08.851 [http-nio-8083-exec-5] UserLoginServlet - User_Login_successfully
[INFO ] 2022-08-28 23:41:15.034 [http-nio-8083-exec-10] UserLoginServlet - Cruise_bought
[INFO ] 2022-08-28 23:42:28.464 [http-nio-8083-exec-8] UserLoginServlet - User_Login_successfully
[INFO ] 2022-08-28 23:42:29.330 [http-nio-8083-exec-9] UserLoginServlet - Added_to_cart
[INFO ] 2022-08-28 23:42:35.435 [http-nio-8083-exec-5] UserLoginServlet - Cruise_bought
[INFO ] 2022-08-28 23:48:58.487 [http-nio-8083-exec-5] UserLoginServlet - Added_to_cart
[INFO ] 2022-08-28 23:49:06.610 [http-nio-8083-exec-3] UserLoginServlet - User_Login_successfully
[INFO ] 2022-08-28 23:49:48.049 [http-nio-8083-exec-10] UserLoginServlet - Cruise_bought
[INFO ] 2022-08-28 23:51:09.505 [http-nio-8083-exec-7] UserLoginServlet - User_Login_successfully
[INFO ] 2022-08-28 23:51:11.479 [http-nio-8083-exec-8] UserLoginServlet - Added_to_cart
[INFO ] 2022-08-28 23:51:49.769 [http-nio-8083-exec-4] UserLoginServlet - Cruise_bought
[INFO ] 2022-08-28 23:52:55.827 [http-nio-8083-exec-3] UserLoginServlet - Balance added
[INFO ] 2022-08-28 23:53:06.465 [http-nio-8083-exec-1] UserLoginServlet - Cruise_bought
