[INFO ] 2022-08-31 00:05:58.161 [http-nio-8083-exec-5] UserLoginServlet - User_Login_successfully
[INFO ] 2022-08-31 00:06:59.790 [http-nio-8083-exec-1] HikariDataSource - HikariPool-1 - Starting...
[INFO ] 2022-08-31 00:07:00.026 [http-nio-8083-exec-1] HikariPool - HikariPool-1 - Added connection com.mysql.cj.jdbc.ConnectionImpl@313b5e
[INFO ] 2022-08-31 00:07:00.029 [http-nio-8083-exec-1] HikariDataSource - HikariPool-1 - Start completed.
[INFO ] 2022-08-31 00:07:20.131 [http-nio-8083-exec-4] UserLoginServlet - User_Login_successfully
[INFO ] 2022-08-31 00:07:32.827 [http-nio-8083-exec-1] UserLoginServlet - User_Login_successfully
[INFO ] 2022-08-31 00:07:38.371 [http-nio-8083-exec-2] UserLoginServlet - Added_to_cart
[INFO ] 2022-08-31 00:08:01.167 [http-nio-8083-exec-9] UserLoginServlet - Added_to_cart
[INFO ] 2022-08-31 00:08:06.903 [http-nio-8083-exec-4] UserLoginServlet - Cruise_removed_from_cart
[INFO ] 2022-08-31 00:09:56.246 [http-nio-8083-exec-8] UserLoginServlet - User_Login_successfully
[INFO ] 2022-08-31 00:10:03.083 [http-nio-8083-exec-2] UserLoginServlet - User_Login_successfully
[INFO ] 2022-08-31 00:32:05.927 [http-nio-8083-exec-1] HikariDataSource - HikariPool-1 - Starting...
[INFO ] 2022-08-31 00:32:06.132 [http-nio-8083-exec-1] HikariPool - HikariPool-1 - Added connection com.mysql.cj.jdbc.ConnectionImpl@6b299116
[INFO ] 2022-08-31 00:32:06.135 [http-nio-8083-exec-1] HikariDataSource - HikariPool-1 - Start completed.
[INFO ] 2022-08-31 00:32:15.857 [http-nio-8083-exec-9] UserLoginServlet - Admin_Login_successfully
[INFO ] 2022-08-31 00:32:59.154 [http-nio-8083-exec-1] HikariDataSource - HikariPool-1 - Starting...
[INFO ] 2022-08-31 00:32:59.364 [http-nio-8083-exec-1] HikariPool - HikariPool-1 - Added connection com.mysql.cj.jdbc.ConnectionImpl@313b5e
[INFO ] 2022-08-31 00:32:59.366 [http-nio-8083-exec-1] HikariDataSource - HikariPool-1 - Start completed.
[INFO ] 2022-08-31 00:33:07.159 [http-nio-8083-exec-8] UserLoginServlet - Admin_Login_successfully
[INFO ] 2022-08-31 00:33:41.705 [http-nio-8083-exec-1] HikariDataSource - HikariPool-1 - Starting...
[INFO ] 2022-08-31 00:33:41.909 [http-nio-8083-exec-1] HikariPool - HikariPool-1 - Added connection com.mysql.cj.jdbc.ConnectionImpl@d9a263
[INFO ] 2022-08-31 00:33:41.911 [http-nio-8083-exec-1] HikariDataSource - HikariPool-1 - Start completed.
[INFO ] 2022-08-31 00:34:00.703 [http-nio-8083-exec-9] UserLoginServlet - Admin_Login_successfully
[INFO ] 2022-08-31 00:36:11.223 [http-nio-8083-exec-1] HikariDataSource - HikariPool-1 - Starting...
[INFO ] 2022-08-31 00:36:11.452 [http-nio-8083-exec-1] HikariPool - HikariPool-1 - Added connection com.mysql.cj.jdbc.ConnectionImpl@3dafe720
[INFO ] 2022-08-31 00:36:11.455 [http-nio-8083-exec-1] HikariDataSource - HikariPool-1 - Start completed.
[INFO ] 2022-08-31 00:36:20.178 [http-nio-8083-exec-8] UserLoginServlet - Admin_Login_successfully
[INFO ] 2022-08-31 00:38:29.516 [http-nio-8083-exec-1] HikariDataSource - HikariPool-1 - Starting...
[INFO ] 2022-08-31 00:38:29.700 [http-nio-8083-exec-1] HikariPool - HikariPool-1 - Added connection com.mysql.cj.jdbc.ConnectionImpl@6b299116
[INFO ] 2022-08-31 00:38:29.703 [http-nio-8083-exec-1] HikariDataSource - HikariPool-1 - Start completed.
[INFO ] 2022-08-31 00:38:38.442 [http-nio-8083-exec-9] UserLoginServlet - Admin_Login_successfully
[INFO ] 2022-08-31 00:43:14.452 [http-nio-8083-exec-1] HikariDataSource - HikariPool-1 - Starting...
[INFO ] 2022-08-31 00:43:14.636 [http-nio-8083-exec-1] HikariPool - HikariPool-1 - Added connection com.mysql.cj.jdbc.ConnectionImpl@6b299116
[INFO ] 2022-08-31 00:43:14.638 [http-nio-8083-exec-1] HikariDataSource - HikariPool-1 - Start completed.
[INFO ] 2022-08-31 00:43:31.560 [http-nio-8083-exec-9] UserLoginServlet - Admin_Login_successfully
[INFO ] 2022-08-31 00:45:33.307 [http-nio-8083-exec-1] HikariDataSource - HikariPool-1 - Starting...
[INFO ] 2022-08-31 00:45:33.501 [http-nio-8083-exec-1] HikariPool - HikariPool-1 - Added connection com.mysql.cj.jdbc.ConnectionImpl@313b5e
[INFO ] 2022-08-31 00:45:33.504 [http-nio-8083-exec-1] HikariDataSource - HikariPool-1 - Start completed.
[INFO ] 2022-08-31 00:45:43.777 [http-nio-8083-exec-8] UserLoginServlet - Admin_Login_successfully
[INFO ] 2022-08-31 00:49:24.454 [http-nio-8083-exec-1] HikariDataSource - HikariPool-1 - Starting...
[INFO ] 2022-08-31 00:49:24.642 [http-nio-8083-exec-1] HikariPool - HikariPool-1 - Added connection com.mysql.cj.jdbc.ConnectionImpl@491f337b
[INFO ] 2022-08-31 00:49:24.644 [http-nio-8083-exec-1] HikariDataSource - HikariPool-1 - Start completed.
[INFO ] 2022-08-31 00:49:26.830 [http-nio-8083-exec-6] UserLoginServlet - Added_to_cart
[INFO ] 2022-08-31 00:49:34.966 [http-nio-8083-exec-3] UserLoginServlet - User_Login_successfully
[INFO ] 2022-08-31 00:49:48.942 [http-nio-8083-exec-3] UserLoginServlet - Admin_Login_successfully
[INFO ] 2022-08-31 00:51:00.810 [http-nio-8083-exec-1] HikariDataSource - HikariPool-1 - Starting...
[INFO ] 2022-08-31 00:51:00.999 [http-nio-8083-exec-1] HikariPool - HikariPool-1 - Added connection com.mysql.cj.jdbc.ConnectionImpl@2d1c96ec
[INFO ] 2022-08-31 00:51:01.002 [http-nio-8083-exec-1] HikariDataSource - HikariPool-1 - Start completed.
[INFO ] 2022-08-31 00:51:09.023 [http-nio-8083-exec-9] UserLoginServlet - Admin_Login_successfully
[INFO ] 2022-08-31 00:56:35.616 [http-nio-8083-exec-1] HikariDataSource - HikariPool-1 - Starting...
[INFO ] 2022-08-31 00:56:35.826 [http-nio-8083-exec-1] HikariPool - HikariPool-1 - Added connection com.mysql.cj.jdbc.ConnectionImpl@6b299116
[INFO ] 2022-08-31 00:56:35.828 [http-nio-8083-exec-1] HikariDataSource - HikariPool-1 - Start completed.
[INFO ] 2022-08-31 00:58:09.970 [http-nio-8083-exec-1] HikariDataSource - HikariPool-1 - Starting...
[INFO ] 2022-08-31 00:58:10.165 [http-nio-8083-exec-1] HikariPool - HikariPool-1 - Added connection com.mysql.cj.jdbc.ConnectionImpl@d9a263
[INFO ] 2022-08-31 00:58:10.168 [http-nio-8083-exec-1] HikariDataSource - HikariPool-1 - Start completed.
[INFO ] 2022-08-31 00:58:20.790 [http-nio-8083-exec-8] UserLoginServlet - Admin_Login_successfully
[INFO ] 2022-08-31 17:24:22.278 [http-nio-8083-exec-1] HikariDataSource - HikariPool-1 - Starting...
[ERROR] 2022-08-31 17:24:23.479 [http-nio-8083-exec-1] HikariPool - HikariPool-1 - Exception during pool initialization.
java.sql.SQLNonTransientConnectionException: Public Key Retrieval is not allowed
	at com.mysql.cj.jdbc.exceptions.SQLError.createSQLException(SQLError.java:110) ~[mysql-connector-java-8.0.13.jar:8.0.13]
	at com.mysql.cj.jdbc.exceptions.SQLError.createSQLException(SQLError.java:97) ~[mysql-connector-java-8.0.13.jar:8.0.13]
	at com.mysql.cj.jdbc.exceptions.SQLExceptionsMapping.translateException(SQLExceptionsMapping.java:122) ~[mysql-connector-java-8.0.13.jar:8.0.13]
	at com.mysql.cj.jdbc.ConnectionImpl.createNewIO(ConnectionImpl.java:835) ~[mysql-connector-java-8.0.13.jar:8.0.13]
	at com.mysql.cj.jdbc.ConnectionImpl.<init>(ConnectionImpl.java:455) ~[mysql-connector-java-8.0.13.jar:8.0.13]
	at com.mysql.cj.jdbc.ConnectionImpl.getInstance(ConnectionImpl.java:240) ~[mysql-connector-java-8.0.13.jar:8.0.13]
	at com.mysql.cj.jdbc.NonRegisteringDriver.connect(NonRegisteringDriver.java:207) ~[mysql-connector-java-8.0.13.jar:8.0.13]
	at com.mysql.cj.jdbc.MysqlDataSource.getConnection(MysqlDataSource.java:402) ~[mysql-connector-java-8.0.13.jar:8.0.13]
	at com.mysql.cj.jdbc.MysqlDataSource.getConnection(MysqlDataSource.java:125) ~[mysql-connector-java-8.0.13.jar:8.0.13]
	at com.mysql.cj.jdbc.MysqlDataSource.getConnection(MysqlDataSource.java:110) ~[mysql-connector-java-8.0.13.jar:8.0.13]
	at com.zaxxer.hikari.pool.PoolBase.newConnection(PoolBase.java:359) ~[HikariCP-5.0.1.jar:?]
	at com.zaxxer.hikari.pool.PoolBase.newPoolEntry(PoolBase.java:201) ~[HikariCP-5.0.1.jar:?]
	at com.zaxxer.hikari.pool.HikariPool.createPoolEntry(HikariPool.java:470) [HikariCP-5.0.1.jar:?]
	at com.zaxxer.hikari.pool.HikariPool.checkFailFast(HikariPool.java:561) [HikariCP-5.0.1.jar:?]
	at com.zaxxer.hikari.pool.HikariPool.<init>(HikariPool.java:100) [HikariCP-5.0.1.jar:?]
	at com.zaxxer.hikari.HikariDataSource.<init>(HikariDataSource.java:81) [HikariCP-5.0.1.jar:?]
	at connection.ConnectionManager.<init>(ConnectionManager.java:18) [classes/:?]
	at connection.ConnectionManager.getInstance(ConnectionManager.java:23) [classes/:?]
	at Dao.CruiseDao.<clinit>(CruiseDao.java:15) [classes/:?]
	at org.apache.jsp.index_jsp._jspService(index_jsp.java:130) [final_project2/:?]
	at org.apache.jasper.runtime.HttpJspBase.service(HttpJspBase.java:70) [jasper.jar:9.0.65]
	at javax.servlet.http.HttpServlet.service(HttpServlet.java:764) [servlet-api.jar:4.0.FR]
	at org.apache.jasper.servlet.JspServletWrapper.service(JspServletWrapper.java:466) [jasper.jar:9.0.65]
	at org.apache.jasper.servlet.JspServlet.serviceJspFile(JspServlet.java:379) [jasper.jar:9.0.65]
	at org.apache.jasper.servlet.JspServlet.service(JspServlet.java:327) [jasper.jar:9.0.65]
	at javax.servlet.http.HttpServlet.service(HttpServlet.java:764) [servlet-api.jar:4.0.FR]
	at org.apache.catalina.core.ApplicationFilterChain.internalDoFilter(ApplicationFilterChain.java:227) [catalina.jar:9.0.65]
	at org.apache.catalina.core.ApplicationFilterChain.doFilter(ApplicationFilterChain.java:162) [catalina.jar:9.0.65]
	at org.apache.tomcat.websocket.server.WsFilter.doFilter(WsFilter.java:53) [tomcat-websocket.jar:9.0.65]
	at org.apache.catalina.core.ApplicationFilterChain.internalDoFilter(ApplicationFilterChain.java:189) [catalina.jar:9.0.65]
	at org.apache.catalina.core.ApplicationFilterChain.doFilter(ApplicationFilterChain.java:162) [catalina.jar:9.0.65]
	at Sesion_Filter_Listener.Filters.doFilter(Filters.java:42) [classes/:?]
	at org.apache.catalina.core.ApplicationFilterChain.internalDoFilter(ApplicationFilterChain.java:189) [catalina.jar:9.0.65]
	at org.apache.catalina.core.ApplicationFilterChain.doFilter(ApplicationFilterChain.java:162) [catalina.jar:9.0.65]
	at org.apache.catalina.core.StandardWrapperValve.invoke(StandardWrapperValve.java:197) [catalina.jar:9.0.65]
	at org.apache.catalina.core.StandardContextValve.invoke(StandardContextValve.java:97) [catalina.jar:9.0.65]
	at org.apache.catalina.authenticator.AuthenticatorBase.invoke(AuthenticatorBase.java:541) [catalina.jar:9.0.65]
	at org.apache.catalina.core.StandardHostValve.invoke(StandardHostValve.java:135) [catalina.jar:9.0.65]
	at org.apache.catalina.valves.ErrorReportValve.invoke(ErrorReportValve.java:92) [catalina.jar:9.0.65]
	at org.apache.catalina.valves.AbstractAccessLogValve.invoke(AbstractAccessLogValve.java:687) [catalina.jar:9.0.65]
	at org.apache.catalina.core.StandardEngineValve.invoke(StandardEngineValve.java:78) [catalina.jar:9.0.65]
	at org.apache.catalina.connector.CoyoteAdapter.service(CoyoteAdapter.java:360) [catalina.jar:9.0.65]
	at org.apache.coyote.http11.Http11Processor.service(Http11Processor.java:399) [tomcat-coyote.jar:9.0.65]
	at org.apache.coyote.AbstractProcessorLight.process(AbstractProcessorLight.java:65) [tomcat-coyote.jar:9.0.65]
	at org.apache.coyote.AbstractProtocol$ConnectionHandler.process(AbstractProtocol.java:890) [tomcat-coyote.jar:9.0.65]
	at org.apache.tomcat.util.net.NioEndpoint$SocketProcessor.doRun(NioEndpoint.java:1789) [tomcat-coyote.jar:9.0.65]
	at org.apache.tomcat.util.net.SocketProcessorBase.run(SocketProcessorBase.java:49) [tomcat-coyote.jar:9.0.65]
	at org.apache.tomcat.util.threads.ThreadPoolExecutor.runWorker(ThreadPoolExecutor.java:1191) [tomcat-util.jar:9.0.65]
	at org.apache.tomcat.util.threads.ThreadPoolExecutor$Worker.run(ThreadPoolExecutor.java:659) [tomcat-util.jar:9.0.65]
	at org.apache.tomcat.util.threads.TaskThread$WrappingRunnable.run(TaskThread.java:61) [tomcat-util.jar:9.0.65]
	at java.lang.Thread.run(Thread.java:833) [?:?]
[INFO ] 2022-08-31 17:24:49.661 [http-nio-8083-exec-1] HikariDataSource - HikariPool-1 - Starting...
[INFO ] 2022-08-31 17:24:49.866 [http-nio-8083-exec-1] HikariPool - HikariPool-1 - Added connection com.mysql.cj.jdbc.ConnectionImpl@2d1c96ec
[INFO ] 2022-08-31 17:24:49.869 [http-nio-8083-exec-1] HikariDataSource - HikariPool-1 - Start completed.
[INFO ] 2022-08-31 17:25:26.543 [http-nio-8083-exec-1] HikariDataSource - HikariPool-1 - Starting...
[INFO ] 2022-08-31 17:25:26.736 [http-nio-8083-exec-1] HikariPool - HikariPool-1 - Added connection com.mysql.cj.jdbc.ConnectionImpl@25b146d1
[INFO ] 2022-08-31 17:25:26.739 [http-nio-8083-exec-1] HikariDataSource - HikariPool-1 - Start completed.
[INFO ] 2022-08-31 17:26:14.971 [http-nio-8083-exec-1] HikariDataSource - HikariPool-1 - Starting...
[INFO ] 2022-08-31 17:26:15.167 [http-nio-8083-exec-1] HikariPool - HikariPool-1 - Added connection com.mysql.cj.jdbc.ConnectionImpl@313b5e
[INFO ] 2022-08-31 17:26:15.169 [http-nio-8083-exec-1] HikariDataSource - HikariPool-1 - Start completed.
[INFO ] 2022-08-31 17:32:52.395 [http-nio-8083-exec-1] HikariDataSource - HikariPool-1 - Starting...
[INFO ] 2022-08-31 17:32:52.606 [http-nio-8083-exec-1] HikariPool - HikariPool-1 - Added connection com.mysql.cj.jdbc.ConnectionImpl@6b299116
[INFO ] 2022-08-31 17:32:52.609 [http-nio-8083-exec-1] HikariDataSource - HikariPool-1 - Start completed.
[INFO ] 2022-08-31 17:34:34.900 [http-nio-8083-exec-1] HikariDataSource - HikariPool-1 - Starting...
[INFO ] 2022-08-31 17:34:35.095 [http-nio-8083-exec-1] HikariPool - HikariPool-1 - Added connection com.mysql.cj.jdbc.ConnectionImpl@6b299116
[INFO ] 2022-08-31 17:34:35.099 [http-nio-8083-exec-1] HikariDataSource - HikariPool-1 - Start completed.
[INFO ] 2022-08-31 17:58:43.092 [http-nio-8083-exec-1] HikariDataSource - HikariPool-1 - Starting...
[INFO ] 2022-08-31 17:58:43.293 [http-nio-8083-exec-1] HikariPool - HikariPool-1 - Added connection com.mysql.cj.jdbc.ConnectionImpl@6b299116
[INFO ] 2022-08-31 17:58:43.296 [http-nio-8083-exec-1] HikariDataSource - HikariPool-1 - Start completed.
[INFO ] 2022-08-31 17:58:57.685 [http-nio-8083-exec-9] UserLoginServlet - Admin_Login_successfully
[INFO ] 2022-08-31 18:04:24.251 [http-nio-8083-exec-1] HikariDataSource - HikariPool-1 - Starting...
[INFO ] 2022-08-31 18:04:24.464 [http-nio-8083-exec-1] HikariPool - HikariPool-1 - Added connection com.mysql.cj.jdbc.ConnectionImpl@6b299116
[INFO ] 2022-08-31 18:04:24.468 [http-nio-8083-exec-1] HikariDataSource - HikariPool-1 - Start completed.
[INFO ] 2022-08-31 18:04:48.175 [http-nio-8083-exec-1] HikariDataSource - HikariPool-1 - Starting...
[INFO ] 2022-08-31 18:04:48.371 [http-nio-8083-exec-1] HikariPool - HikariPool-1 - Added connection com.mysql.cj.jdbc.ConnectionImpl@313b5e
[INFO ] 2022-08-31 18:04:48.374 [http-nio-8083-exec-1] HikariDataSource - HikariPool-1 - Start completed.
[INFO ] 2022-08-31 18:04:56.828 [http-nio-8083-exec-7] UserLoginServlet - Admin_Login_successfully
[INFO ] 2022-08-31 18:07:02.497 [http-nio-8083-exec-1] HikariDataSource - HikariPool-1 - Starting...
[INFO ] 2022-08-31 18:07:02.701 [http-nio-8083-exec-1] HikariPool - HikariPool-1 - Added connection com.mysql.cj.jdbc.ConnectionImpl@25b146d1
[INFO ] 2022-08-31 18:07:02.704 [http-nio-8083-exec-1] HikariDataSource - HikariPool-1 - Start completed.
[INFO ] 2022-08-31 18:08:03.535 [http-nio-8083-exec-1] HikariDataSource - HikariPool-1 - Starting...
[INFO ] 2022-08-31 18:08:03.758 [http-nio-8083-exec-1] HikariPool - HikariPool-1 - Added connection com.mysql.cj.jdbc.ConnectionImpl@25b146d1
[INFO ] 2022-08-31 18:08:03.761 [http-nio-8083-exec-1] HikariDataSource - HikariPool-1 - Start completed.
[INFO ] 2022-08-31 18:10:15.452 [http-nio-8083-exec-1] HikariDataSource - HikariPool-1 - Starting...
[INFO ] 2022-08-31 18:10:15.649 [http-nio-8083-exec-1] HikariPool - HikariPool-1 - Added connection com.mysql.cj.jdbc.ConnectionImpl@3dafe720
[INFO ] 2022-08-31 18:10:15.651 [http-nio-8083-exec-1] HikariDataSource - HikariPool-1 - Start completed.
[INFO ] 2022-08-31 18:11:41.005 [http-nio-8083-exec-1] HikariDataSource - HikariPool-1 - Starting...
[INFO ] 2022-08-31 18:11:41.201 [http-nio-8083-exec-1] HikariPool - HikariPool-1 - Added connection com.mysql.cj.jdbc.ConnectionImpl@6b299116
[INFO ] 2022-08-31 18:11:41.204 [http-nio-8083-exec-1] HikariDataSource - HikariPool-1 - Start completed.
[INFO ] 2022-08-31 18:14:01.893 [http-nio-8083-exec-1] HikariDataSource - HikariPool-1 - Starting...
[INFO ] 2022-08-31 18:14:02.094 [http-nio-8083-exec-1] HikariPool - HikariPool-1 - Added connection com.mysql.cj.jdbc.ConnectionImpl@d9a263
[INFO ] 2022-08-31 18:14:02.096 [http-nio-8083-exec-1] HikariDataSource - HikariPool-1 - Start completed.
[INFO ] 2022-08-31 18:15:06.534 [http-nio-8083-exec-1] UserLoginServlet - Admin_Login_successfully
[INFO ] 2022-08-31 18:15:58.832 [http-nio-8083-exec-1] HikariDataSource - HikariPool-1 - Starting...
[INFO ] 2022-08-31 18:15:59.041 [http-nio-8083-exec-1] HikariPool - HikariPool-1 - Added connection com.mysql.cj.jdbc.ConnectionImpl@45c58086
[INFO ] 2022-08-31 18:15:59.045 [http-nio-8083-exec-1] HikariDataSource - HikariPool-1 - Start completed.
[INFO ] 2022-08-31 18:20:53.162 [http-nio-8083-exec-9] UserLoginServlet - Admin_Login_successfully
[INFO ] 2022-08-31 18:39:05.639 [http-nio-8083-exec-1] HikariDataSource - HikariPool-1 - Starting...
[INFO ] 2022-08-31 18:39:05.871 [http-nio-8083-exec-1] HikariPool - HikariPool-1 - Added connection com.mysql.cj.jdbc.ConnectionImpl@491f337b
[INFO ] 2022-08-31 18:39:05.874 [http-nio-8083-exec-1] HikariDataSource - HikariPool-1 - Start completed.
[INFO ] 2022-08-31 20:03:23.675 [http-nio-8083-exec-1] HikariDataSource - HikariPool-1 - Starting...
[INFO ] 2022-08-31 20:03:23.894 [http-nio-8083-exec-1] HikariPool - HikariPool-1 - Added connection com.mysql.cj.jdbc.ConnectionImpl@5bc01871
[INFO ] 2022-08-31 20:03:23.897 [http-nio-8083-exec-1] HikariDataSource - HikariPool-1 - Start completed.
[INFO ] 2022-08-31 20:03:32.925 [http-nio-8083-exec-10] UserLoginServlet - Admin_Login_successfully
[INFO ] 2022-08-31 20:09:10.522 [http-nio-8083-exec-1] HikariDataSource - HikariPool-1 - Starting...
[INFO ] 2022-08-31 20:09:10.737 [http-nio-8083-exec-1] HikariPool - HikariPool-1 - Added connection com.mysql.cj.jdbc.ConnectionImpl@6b299116
[INFO ] 2022-08-31 20:09:10.740 [http-nio-8083-exec-1] HikariDataSource - HikariPool-1 - Start completed.
[INFO ] 2022-08-31 20:09:38.899 [http-nio-8083-exec-2] UserLoginServlet - Admin_Login_successfully
[INFO ] 2022-08-31 20:10:53.954 [http-nio-8083-exec-1] HikariDataSource - HikariPool-1 - Starting...
[INFO ] 2022-08-31 20:10:54.156 [http-nio-8083-exec-1] HikariPool - HikariPool-1 - Added connection com.mysql.cj.jdbc.ConnectionImpl@6b299116
[INFO ] 2022-08-31 20:10:54.159 [http-nio-8083-exec-1] HikariDataSource - HikariPool-1 - Start completed.
[INFO ] 2022-08-31 20:11:01.715 [http-nio-8083-exec-7] UserLoginServlet - Admin_Login_successfully
[INFO ] 2022-08-31 20:12:47.041 [http-nio-8083-exec-1] HikariDataSource - HikariPool-1 - Starting...
[INFO ] 2022-08-31 20:12:47.253 [http-nio-8083-exec-1] HikariPool - HikariPool-1 - Added connection com.mysql.cj.jdbc.ConnectionImpl@6b299116
[INFO ] 2022-08-31 20:12:47.255 [http-nio-8083-exec-1] HikariDataSource - HikariPool-1 - Start completed.
[INFO ] 2022-08-31 20:13:01.617 [http-nio-8083-exec-8] UserLoginServlet - Admin_Login_successfully
[INFO ] 2022-08-31 20:17:06.406 [http-nio-8083-exec-1] HikariDataSource - HikariPool-1 - Starting...
[INFO ] 2022-08-31 20:17:06.611 [http-nio-8083-exec-1] HikariPool - HikariPool-1 - Added connection com.mysql.cj.jdbc.ConnectionImpl@313b5e
[INFO ] 2022-08-31 20:17:06.613 [http-nio-8083-exec-1] HikariDataSource - HikariPool-1 - Start completed.
[INFO ] 2022-08-31 20:17:28.567 [http-nio-8083-exec-2] HikariDataSource - HikariPool-1 - Starting...
[INFO ] 2022-08-31 20:17:28.770 [http-nio-8083-exec-2] HikariPool - HikariPool-1 - Added connection com.mysql.cj.jdbc.ConnectionImpl@5c1a89bf
[INFO ] 2022-08-31 20:17:28.773 [http-nio-8083-exec-2] HikariDataSource - HikariPool-1 - Start completed.
[INFO ] 2022-08-31 20:17:47.894 [http-nio-8083-exec-8] UserLoginServlet - Admin_Login_successfully
[INFO ] 2022-08-31 20:18:41.433 [http-nio-8083-exec-1] HikariDataSource - HikariPool-1 - Starting...
[INFO ] 2022-08-31 20:18:41.659 [http-nio-8083-exec-1] HikariPool - HikariPool-1 - Added connection com.mysql.cj.jdbc.ConnectionImpl@6763e25f
[INFO ] 2022-08-31 20:18:41.663 [http-nio-8083-exec-1] HikariDataSource - HikariPool-1 - Start completed.
[INFO ] 2022-08-31 20:18:52.872 [http-nio-8083-exec-9] UserLoginServlet - User_Login_successfully
[INFO ] 2022-08-31 20:18:54.230 [http-nio-8083-exec-2] UserLoginServlet - Added_to_cart
[INFO ] 2022-08-31 20:19:03.281 [http-nio-8083-exec-8] UserLoginServlet - Cruise_bought
[INFO ] 2022-08-31 20:19:14.103 [http-nio-8083-exec-9] UserLoginServlet - Cruise_bought
[INFO ] 2022-08-31 20:19:30.826 [http-nio-8083-exec-1] UserLoginServlet - Balance added
[INFO ] 2022-08-31 20:21:49.541 [http-nio-8083-exec-5] UserLoginServlet - Balance added
[INFO ] 2022-08-31 20:21:55.578 [http-nio-8083-exec-8] UserLoginServlet - Cruise_bought
[INFO ] 2022-08-31 20:26:07.271 [http-nio-8083-exec-4] UserLoginServlet - Balance added
[INFO ] 2022-08-31 20:26:26.173 [http-nio-8083-exec-7] UserLoginServlet - Cruise_bought
[INFO ] 2022-08-31 20:27:25.045 [http-nio-8083-exec-1] HikariDataSource - HikariPool-1 - Starting...
[INFO ] 2022-08-31 20:27:25.249 [http-nio-8083-exec-1] HikariPool - HikariPool-1 - Added connection com.mysql.cj.jdbc.ConnectionImpl@6b299116
[INFO ] 2022-08-31 20:27:25.252 [http-nio-8083-exec-1] HikariDataSource - HikariPool-1 - Start completed.
[INFO ] 2022-08-31 20:27:33.643 [http-nio-8083-exec-10] UserLoginServlet - User_Login_successfully
[INFO ] 2022-08-31 20:28:26.182 [http-nio-8083-exec-1] HikariDataSource - HikariPool-1 - Starting...
[INFO ] 2022-08-31 20:28:26.391 [http-nio-8083-exec-1] HikariPool - HikariPool-1 - Added connection com.mysql.cj.jdbc.ConnectionImpl@6b299116
[INFO ] 2022-08-31 20:28:26.393 [http-nio-8083-exec-1] HikariDataSource - HikariPool-1 - Start completed.
[INFO ] 2022-08-31 20:28:34.829 [http-nio-8083-exec-9] UserLoginServlet - User_Login_successfully
[INFO ] 2022-08-31 20:29:37.993 [http-nio-8083-exec-1] HikariDataSource - HikariPool-1 - Starting...
[INFO ] 2022-08-31 20:29:38.203 [http-nio-8083-exec-1] HikariPool - HikariPool-1 - Added connection com.mysql.cj.jdbc.ConnectionImpl@6b299116
[INFO ] 2022-08-31 20:29:38.206 [http-nio-8083-exec-1] HikariDataSource - HikariPool-1 - Start completed.
[INFO ] 2022-08-31 20:29:45.719 [http-nio-8083-exec-10] UserLoginServlet - User_Login_successfully
[INFO ] 2022-08-31 20:30:28.240 [http-nio-8083-exec-1] HikariDataSource - HikariPool-1 - Starting...
[INFO ] 2022-08-31 20:30:28.448 [http-nio-8083-exec-1] HikariPool - HikariPool-1 - Added connection com.mysql.cj.jdbc.ConnectionImpl@3dafe720
[INFO ] 2022-08-31 20:30:28.450 [http-nio-8083-exec-1] HikariDataSource - HikariPool-1 - Start completed.
[INFO ] 2022-08-31 20:30:35.134 [http-nio-8083-exec-7] UserLoginServlet - User_Login_successfully
[INFO ] 2022-08-31 20:33:57.618 [http-nio-8083-exec-8] UserLoginServlet - Admin_Login_successfully
[INFO ] 2022-08-31 20:35:16.504 [http-nio-8083-exec-1] HikariDataSource - HikariPool-1 - Starting...
[INFO ] 2022-08-31 20:35:16.712 [http-nio-8083-exec-1] HikariPool - HikariPool-1 - Added connection com.mysql.cj.jdbc.ConnectionImpl@d9a263
[INFO ] 2022-08-31 20:35:16.715 [http-nio-8083-exec-1] HikariDataSource - HikariPool-1 - Start completed.
[INFO ] 2022-08-31 20:35:35.636 [http-nio-8083-exec-2] UserLoginServlet - User_Login_successfully
[INFO ] 2022-08-31 20:48:02.809 [http-nio-8083-exec-1] HikariDataSource - HikariPool-1 - Starting...
[INFO ] 2022-08-31 20:48:03.015 [http-nio-8083-exec-1] HikariPool - HikariPool-1 - Added connection com.mysql.cj.jdbc.ConnectionImpl@6b299116
[INFO ] 2022-08-31 20:48:03.018 [http-nio-8083-exec-1] HikariDataSource - HikariPool-1 - Start completed.
[INFO ] 2022-08-31 20:48:10.493 [http-nio-8083-exec-9] UserLoginServlet - User_Login_successfully
[INFO ] 2022-08-31 20:50:43.778 [http-nio-8083-exec-10] UserLoginServlet - User_Login_successfully
[INFO ] 2022-08-31 20:50:54.498 [http-nio-8083-exec-6] UserLoginServlet - Admin_Login_successfully
[INFO ] 2022-08-31 20:54:55.003 [http-nio-8083-exec-1] HikariDataSource - HikariPool-1 - Starting...
[INFO ] 2022-08-31 20:54:55.211 [http-nio-8083-exec-1] HikariPool - HikariPool-1 - Added connection com.mysql.cj.jdbc.ConnectionImpl@5bc01871
[INFO ] 2022-08-31 20:54:55.214 [http-nio-8083-exec-1] HikariDataSource - HikariPool-1 - Start completed.
[INFO ] 2022-08-31 20:57:30.190 [http-nio-8083-exec-4] UserLoginServlet - Admin_Login_successfully
[INFO ] 2022-08-31 21:01:15.989 [http-nio-8083-exec-1] HikariDataSource - HikariPool-1 - Starting...
[INFO ] 2022-08-31 21:01:16.176 [http-nio-8083-exec-1] HikariPool - HikariPool-1 - Added connection com.mysql.cj.jdbc.ConnectionImpl@d9a263
[INFO ] 2022-08-31 21:01:16.179 [http-nio-8083-exec-1] HikariDataSource - HikariPool-1 - Start completed.
[INFO ] 2022-08-31 21:01:55.512 [http-nio-8083-exec-1] HikariDataSource - HikariPool-1 - Starting...
[INFO ] 2022-08-31 21:01:55.699 [http-nio-8083-exec-1] HikariPool - HikariPool-1 - Added connection com.mysql.cj.jdbc.ConnectionImpl@6b299116
[INFO ] 2022-08-31 21:01:55.701 [http-nio-8083-exec-1] HikariDataSource - HikariPool-1 - Start completed.
[INFO ] 2022-08-31 21:04:23.028 [http-nio-8083-exec-1] HikariDataSource - HikariPool-1 - Starting...
[INFO ] 2022-08-31 21:04:23.215 [http-nio-8083-exec-1] HikariPool - HikariPool-1 - Added connection com.mysql.cj.jdbc.ConnectionImpl@2d1c96ec
[INFO ] 2022-08-31 21:04:23.217 [http-nio-8083-exec-1] HikariDataSource - HikariPool-1 - Start completed.
[INFO ] 2022-08-31 21:04:35.063 [http-nio-8083-exec-1] UserLoginServlet - User_Login_successfully
[INFO ] 2022-08-31 21:04:53.123 [http-nio-8083-exec-5] UserLoginServlet - Added_to_cart
[INFO ] 2022-08-31 21:06:11.443 [http-nio-8083-exec-1] HikariDataSource - HikariPool-1 - Starting...
[INFO ] 2022-08-31 21:06:11.635 [http-nio-8083-exec-1] HikariPool - HikariPool-1 - Added connection com.mysql.cj.jdbc.ConnectionImpl@d9a263
[INFO ] 2022-08-31 21:06:11.637 [http-nio-8083-exec-1] HikariDataSource - HikariPool-1 - Start completed.
[INFO ] 2022-08-31 21:06:19.928 [http-nio-8083-exec-10] UserLoginServlet - User_Login_successfully
[INFO ] 2022-08-31 21:07:51.845 [http-nio-8083-exec-1] HikariDataSource - HikariPool-1 - Starting...
[INFO ] 2022-08-31 21:07:52.034 [http-nio-8083-exec-1] HikariPool - HikariPool-1 - Added connection com.mysql.cj.jdbc.ConnectionImpl@2d1c96ec
[INFO ] 2022-08-31 21:07:52.036 [http-nio-8083-exec-1] HikariDataSource - HikariPool-1 - Start completed.
[INFO ] 2022-08-31 21:08:10.753 [http-nio-8083-exec-8] UserLoginServlet - User_Login_successfully
[INFO ] 2022-08-31 21:09:56.836 [http-nio-8083-exec-1] HikariDataSource - HikariPool-1 - Starting...
[INFO ] 2022-08-31 21:09:57.027 [http-nio-8083-exec-1] HikariPool - HikariPool-1 - Added connection com.mysql.cj.jdbc.ConnectionImpl@313b5e
[INFO ] 2022-08-31 21:09:57.030 [http-nio-8083-exec-1] HikariDataSource - HikariPool-1 - Start completed.
[INFO ] 2022-08-31 21:11:11.531 [http-nio-8083-exec-1] HikariDataSource - HikariPool-1 - Starting...
[INFO ] 2022-08-31 21:11:11.729 [http-nio-8083-exec-1] HikariPool - HikariPool-1 - Added connection com.mysql.cj.jdbc.ConnectionImpl@6b299116
[INFO ] 2022-08-31 21:11:11.732 [http-nio-8083-exec-1] HikariDataSource - HikariPool-1 - Start completed.
[INFO ] 2022-08-31 21:13:54.637 [http-nio-8083-exec-1] HikariDataSource - HikariPool-1 - Starting...
[INFO ] 2022-08-31 21:13:54.824 [http-nio-8083-exec-1] HikariPool - HikariPool-1 - Added connection com.mysql.cj.jdbc.ConnectionImpl@6b299116
[INFO ] 2022-08-31 21:13:54.826 [http-nio-8083-exec-1] HikariDataSource - HikariPool-1 - Start completed.
[INFO ] 2022-08-31 21:16:07.930 [http-nio-8083-exec-1] HikariDataSource - HikariPool-1 - Starting...
[INFO ] 2022-08-31 21:16:08.115 [http-nio-8083-exec-1] HikariPool - HikariPool-1 - Added connection com.mysql.cj.jdbc.ConnectionImpl@6b299116
[INFO ] 2022-08-31 21:16:08.117 [http-nio-8083-exec-1] HikariDataSource - HikariPool-1 - Start completed.
[INFO ] 2022-08-31 21:16:20.725 [http-nio-8083-exec-2] UserLoginServlet - User_Login_successfully
[INFO ] 2022-08-31 21:16:37.310 [http-nio-8083-exec-3] UserLoginServlet - Admin_Login_successfully
[INFO ] 2022-08-31 21:20:22.168 [http-nio-8083-exec-1] HikariDataSource - HikariPool-1 - Starting...
[INFO ] 2022-08-31 21:20:22.361 [http-nio-8083-exec-1] HikariPool - HikariPool-1 - Added connection com.mysql.cj.jdbc.ConnectionImpl@313b5e
[INFO ] 2022-08-31 21:20:22.364 [http-nio-8083-exec-1] HikariDataSource - HikariPool-1 - Start completed.
[INFO ] 2022-08-31 21:21:14.890 [http-nio-8083-exec-2] UserLoginServlet - Admin_Login_successfully
[INFO ] 2022-08-31 21:22:41.254 [http-nio-8083-exec-1] HikariDataSource - HikariPool-1 - Starting...
[INFO ] 2022-08-31 21:22:41.445 [http-nio-8083-exec-1] HikariPool - HikariPool-1 - Added connection com.mysql.cj.jdbc.ConnectionImpl@18c3156e
[INFO ] 2022-08-31 21:22:41.448 [http-nio-8083-exec-1] HikariDataSource - HikariPool-1 - Start completed.
[INFO ] 2022-08-31 21:22:51.543 [http-nio-8083-exec-9] UserLoginServlet - Admin_Login_successfully
[INFO ] 2022-08-31 21:35:04.159 [http-nio-8083-exec-1] HikariDataSource - HikariPool-1 - Starting...
[INFO ] 2022-08-31 21:35:04.348 [http-nio-8083-exec-1] HikariPool - HikariPool-1 - Added connection com.mysql.cj.jdbc.ConnectionImpl@6b299116
[INFO ] 2022-08-31 21:35:04.352 [http-nio-8083-exec-1] HikariDataSource - HikariPool-1 - Start completed.
[INFO ] 2022-08-31 21:35:38.970 [http-nio-8083-exec-1] HikariDataSource - HikariPool-1 - Starting...
[INFO ] 2022-08-31 21:35:39.165 [http-nio-8083-exec-1] HikariPool - HikariPool-1 - Added connection com.mysql.cj.jdbc.ConnectionImpl@25b146d1
[INFO ] 2022-08-31 21:35:39.167 [http-nio-8083-exec-1] HikariDataSource - HikariPool-1 - Start completed.
[INFO ] 2022-08-31 21:36:57.655 [http-nio-8083-exec-1] HikariDataSource - HikariPool-1 - Starting...
[INFO ] 2022-08-31 21:36:57.838 [http-nio-8083-exec-1] HikariPool - HikariPool-1 - Added connection com.mysql.cj.jdbc.ConnectionImpl@491f337b
[INFO ] 2022-08-31 21:36:57.841 [http-nio-8083-exec-1] HikariDataSource - HikariPool-1 - Start completed.
[INFO ] 2022-08-31 21:37:19.631 [http-nio-8083-exec-8] UserLoginServlet - Admin_Login_successfully
[INFO ] 2022-08-31 21:41:18.215 [http-nio-8083-exec-1] HikariDataSource - HikariPool-1 - Starting...
[INFO ] 2022-08-31 21:41:18.416 [http-nio-8083-exec-1] HikariPool - HikariPool-1 - Added connection com.mysql.cj.jdbc.ConnectionImpl@313b5e
[INFO ] 2022-08-31 21:41:18.418 [http-nio-8083-exec-1] HikariDataSource - HikariPool-1 - Start completed.
[INFO ] 2022-08-31 21:42:47.223 [http-nio-8083-exec-1] HikariDataSource - HikariPool-1 - Starting...
[INFO ] 2022-08-31 21:42:47.414 [http-nio-8083-exec-1] HikariPool - HikariPool-1 - Added connection com.mysql.cj.jdbc.ConnectionImpl@2d1c96ec
[INFO ] 2022-08-31 21:42:47.417 [http-nio-8083-exec-1] HikariDataSource - HikariPool-1 - Start completed.
[INFO ] 2022-08-31 21:42:56.815 [http-nio-8083-exec-9] UserLoginServlet - Admin_Login_successfully
[INFO ] 2022-08-31 21:44:39.850 [http-nio-8083-exec-1] HikariDataSource - HikariPool-1 - Starting...
[INFO ] 2022-08-31 21:44:40.080 [http-nio-8083-exec-1] HikariPool - HikariPool-1 - Added connection com.mysql.cj.jdbc.ConnectionImpl@491f337b
[INFO ] 2022-08-31 21:44:40.085 [http-nio-8083-exec-1] HikariDataSource - HikariPool-1 - Start completed.
[INFO ] 2022-08-31 21:44:48.488 [http-nio-8083-exec-8] UserLoginServlet - Admin_Login_successfully
[INFO ] 2022-08-31 21:46:04.282 [http-nio-8083-exec-1] HikariDataSource - HikariPool-1 - Starting...
[INFO ] 2022-08-31 21:46:04.485 [http-nio-8083-exec-1] HikariPool - HikariPool-1 - Added connection com.mysql.cj.jdbc.ConnectionImpl@313b5e
[INFO ] 2022-08-31 21:46:04.488 [http-nio-8083-exec-1] HikariDataSource - HikariPool-1 - Start completed.
[INFO ] 2022-08-31 21:48:45.063 [http-nio-8083-exec-1] HikariDataSource - HikariPool-1 - Starting...
[INFO ] 2022-08-31 21:48:45.253 [http-nio-8083-exec-1] HikariPool - HikariPool-1 - Added connection com.mysql.cj.jdbc.ConnectionImpl@2d1c96ec
[INFO ] 2022-08-31 21:48:45.256 [http-nio-8083-exec-1] HikariDataSource - HikariPool-1 - Start completed.
[INFO ] 2022-08-31 21:49:04.238 [http-nio-8083-exec-9] UserLoginServlet - Admin_Login_successfully
[INFO ] 2022-08-31 21:54:02.637 [http-nio-8083-exec-1] HikariDataSource - HikariPool-1 - Starting...
[INFO ] 2022-08-31 21:54:02.836 [http-nio-8083-exec-1] HikariPool - HikariPool-1 - Added connection com.mysql.cj.jdbc.ConnectionImpl@6b299116
[INFO ] 2022-08-31 21:54:02.838 [http-nio-8083-exec-1] HikariDataSource - HikariPool-1 - Start completed.
[INFO ] 2022-08-31 21:54:13.943 [http-nio-8083-exec-10] UserLoginServlet - Admin_Login_successfully
[INFO ] 2022-08-31 21:54:55.232 [http-nio-8083-exec-1] HikariDataSource - HikariPool-1 - Starting...
[INFO ] 2022-08-31 21:54:55.427 [http-nio-8083-exec-1] HikariPool - HikariPool-1 - Added connection com.mysql.cj.jdbc.ConnectionImpl@25b146d1
[INFO ] 2022-08-31 21:54:55.429 [http-nio-8083-exec-1] HikariDataSource - HikariPool-1 - Start completed.
[INFO ] 2022-08-31 21:55:06.380 [http-nio-8083-exec-1] UserLoginServlet - Admin_Login_successfully
[INFO ] 2022-08-31 22:06:50.286 [http-nio-8083-exec-1] HikariDataSource - HikariPool-1 - Starting...
[INFO ] 2022-08-31 22:06:50.476 [http-nio-8083-exec-1] HikariPool - HikariPool-1 - Added connection com.mysql.cj.jdbc.ConnectionImpl@6b299116
[INFO ] 2022-08-31 22:06:50.478 [http-nio-8083-exec-1] HikariDataSource - HikariPool-1 - Start completed.
[INFO ] 2022-08-31 22:06:59.318 [http-nio-8083-exec-10] UserLoginServlet - Admin_Login_successfully
[INFO ] 2022-08-31 22:09:10.920 [http-nio-8083-exec-1] HikariDataSource - HikariPool-1 - Starting...
[INFO ] 2022-08-31 22:09:11.107 [http-nio-8083-exec-1] HikariPool - HikariPool-1 - Added connection com.mysql.cj.jdbc.ConnectionImpl@6b299116
[INFO ] 2022-08-31 22:09:11.110 [http-nio-8083-exec-1] HikariDataSource - HikariPool-1 - Start completed.
[INFO ] 2022-08-31 22:09:19.310 [http-nio-8083-exec-8] UserLoginServlet - Admin_Login_successfully
[INFO ] 2022-08-31 22:10:00.060 [http-nio-8083-exec-1] HikariDataSource - HikariPool-1 - Starting...
[INFO ] 2022-08-31 22:10:00.243 [http-nio-8083-exec-1] HikariPool - HikariPool-1 - Added connection com.mysql.cj.jdbc.ConnectionImpl@6b299116
[INFO ] 2022-08-31 22:10:00.247 [http-nio-8083-exec-1] HikariDataSource - HikariPool-1 - Start completed.
[INFO ] 2022-08-31 22:10:13.574 [http-nio-8083-exec-7] UserLoginServlet - Admin_Login_successfully
[INFO ] 2022-08-31 22:12:14.981 [http-nio-8083-exec-1] HikariDataSource - HikariPool-1 - Starting...
[INFO ] 2022-08-31 22:12:15.166 [http-nio-8083-exec-1] HikariPool - HikariPool-1 - Added connection com.mysql.cj.jdbc.ConnectionImpl@6b299116
[INFO ] 2022-08-31 22:12:15.170 [http-nio-8083-exec-1] HikariDataSource - HikariPool-1 - Start completed.
[INFO ] 2022-08-31 22:12:22.220 [http-nio-8083-exec-9] UserLoginServlet - Admin_Login_successfully
[INFO ] 2022-08-31 22:17:14.919 [http-nio-8083-exec-1] HikariDataSource - HikariPool-1 - Starting...
[INFO ] 2022-08-31 22:17:15.106 [http-nio-8083-exec-1] HikariPool - HikariPool-1 - Added connection com.mysql.cj.jdbc.ConnectionImpl@6b299116
[INFO ] 2022-08-31 22:17:15.108 [http-nio-8083-exec-1] HikariDataSource - HikariPool-1 - Start completed.
[INFO ] 2022-08-31 22:17:32.019 [http-nio-8083-exec-8] UserLoginServlet - Admin_Login_successfully
[INFO ] 2022-08-31 22:18:39.164 [http-nio-8083-exec-9] UserLoginServlet - Admin_Login_successfully
[INFO ] 2022-08-31 22:22:47.190 [http-nio-8083-exec-1] HikariDataSource - HikariPool-1 - Starting...
[INFO ] 2022-08-31 22:22:47.380 [http-nio-8083-exec-1] HikariPool - HikariPool-1 - Added connection com.mysql.cj.jdbc.ConnectionImpl@6b299116
[INFO ] 2022-08-31 22:22:47.382 [http-nio-8083-exec-1] HikariDataSource - HikariPool-1 - Start completed.
[INFO ] 2022-08-31 22:22:55.758 [http-nio-8083-exec-8] UserLoginServlet - Admin_Login_successfully
[INFO ] 2022-08-31 22:30:59.293 [http-nio-8083-exec-2] HikariDataSource - HikariPool-1 - Starting...
[INFO ] 2022-08-31 22:30:59.484 [http-nio-8083-exec-2] HikariPool - HikariPool-1 - Added connection com.mysql.cj.jdbc.ConnectionImpl@6b299116
[INFO ] 2022-08-31 22:30:59.486 [http-nio-8083-exec-2] HikariDataSource - HikariPool-1 - Start completed.
[INFO ] 2022-08-31 22:31:13.938 [http-nio-8083-exec-1] UserLoginServlet - Admin_Login_successfully
[INFO ] 2022-08-31 22:33:17.530 [http-nio-8083-exec-1] HikariDataSource - HikariPool-1 - Starting...
[INFO ] 2022-08-31 22:33:17.719 [http-nio-8083-exec-1] HikariPool - HikariPool-1 - Added connection com.mysql.cj.jdbc.ConnectionImpl@313b5e
[INFO ] 2022-08-31 22:33:17.721 [http-nio-8083-exec-1] HikariDataSource - HikariPool-1 - Start completed.
[INFO ] 2022-08-31 22:33:35.011 [http-nio-8083-exec-9] UserLoginServlet - Admin_Login_successfully
[INFO ] 2022-08-31 22:40:02.568 [http-nio-8083-exec-1] HikariDataSource - HikariPool-1 - Starting...
[INFO ] 2022-08-31 22:40:02.753 [http-nio-8083-exec-1] HikariPool - HikariPool-1 - Added connection com.mysql.cj.jdbc.ConnectionImpl@d9a263
[INFO ] 2022-08-31 22:40:02.755 [http-nio-8083-exec-1] HikariDataSource - HikariPool-1 - Start completed.
[INFO ] 2022-08-31 22:41:17.744 [http-nio-8083-exec-10] UserLoginServlet - Admin_Login_successfully
[INFO ] 2022-08-31 22:45:49.360 [http-nio-8083-exec-1] HikariDataSource - HikariPool-1 - Starting...
[INFO ] 2022-08-31 22:45:49.551 [http-nio-8083-exec-1] HikariPool - HikariPool-1 - Added connection com.mysql.cj.jdbc.ConnectionImpl@6b299116
[INFO ] 2022-08-31 22:45:49.554 [http-nio-8083-exec-1] HikariDataSource - HikariPool-1 - Start completed.
[INFO ] 2022-08-31 22:46:01.343 [http-nio-8083-exec-10] UserLoginServlet - Admin_Login_successfully
[INFO ] 2022-08-31 22:49:48.788 [http-nio-8083-exec-1] HikariDataSource - HikariPool-1 - Starting...
[INFO ] 2022-08-31 22:49:48.993 [http-nio-8083-exec-1] HikariPool - HikariPool-1 - Added connection com.mysql.cj.jdbc.ConnectionImpl@6b299116
[INFO ] 2022-08-31 22:49:48.995 [http-nio-8083-exec-1] HikariDataSource - HikariPool-1 - Start completed.
[INFO ] 2022-08-31 22:50:38.202 [http-nio-8083-exec-1] HikariDataSource - HikariPool-1 - Starting...
[INFO ] 2022-08-31 22:50:38.414 [http-nio-8083-exec-1] HikariPool - HikariPool-1 - Added connection com.mysql.cj.jdbc.ConnectionImpl@45c58086
[INFO ] 2022-08-31 22:50:38.419 [http-nio-8083-exec-1] HikariDataSource - HikariPool-1 - Start completed.
[INFO ] 2022-08-31 22:50:49.268 [http-nio-8083-exec-8] UserLoginServlet - Admin_Login_successfully
[INFO ] 2022-08-31 22:56:08.144 [http-nio-8083-exec-1] HikariDataSource - HikariPool-1 - Starting...
[INFO ] 2022-08-31 22:56:08.338 [http-nio-8083-exec-1] HikariPool - HikariPool-1 - Added connection com.mysql.cj.jdbc.ConnectionImpl@491f337b
[INFO ] 2022-08-31 22:56:08.341 [http-nio-8083-exec-1] HikariDataSource - HikariPool-1 - Start completed.
[INFO ] 2022-08-31 22:56:15.871 [http-nio-8083-exec-9] UserLoginServlet - Admin_Login_successfully
[INFO ] 2022-08-31 23:00:44.339 [http-nio-8083-exec-10] UserLoginServlet - Admin_Login_successfully
[INFO ] 2022-08-31 23:06:38.846 [http-nio-8083-exec-1] HikariDataSource - HikariPool-1 - Starting...
[INFO ] 2022-08-31 23:06:39.047 [http-nio-8083-exec-1] HikariPool - HikariPool-1 - Added connection com.mysql.cj.jdbc.ConnectionImpl@6b299116
[INFO ] 2022-08-31 23:06:39.049 [http-nio-8083-exec-1] HikariDataSource - HikariPool-1 - Start completed.
[INFO ] 2022-08-31 23:07:00.802 [http-nio-8083-exec-9] UserLoginServlet - Admin_Login_successfully
[INFO ] 2022-08-31 23:14:20.005 [http-nio-8083-exec-1] HikariDataSource - HikariPool-1 - Starting...
[INFO ] 2022-08-31 23:14:20.201 [http-nio-8083-exec-1] HikariPool - HikariPool-1 - Added connection com.mysql.cj.jdbc.ConnectionImpl@6b299116
[INFO ] 2022-08-31 23:14:20.204 [http-nio-8083-exec-1] HikariDataSource - HikariPool-1 - Start completed.
[INFO ] 2022-08-31 23:14:29.645 [http-nio-8083-exec-10] UserLoginServlet - Admin_Login_successfully
[INFO ] 2022-08-31 23:15:33.496 [http-nio-8083-exec-1] HikariDataSource - HikariPool-1 - Starting...
[INFO ] 2022-08-31 23:15:33.689 [http-nio-8083-exec-1] HikariPool - HikariPool-1 - Added connection com.mysql.cj.jdbc.ConnectionImpl@6b299116
[INFO ] 2022-08-31 23:15:33.691 [http-nio-8083-exec-1] HikariDataSource - HikariPool-1 - Start completed.
[INFO ] 2022-08-31 23:15:45.332 [http-nio-8083-exec-7] UserLoginServlet - Admin_Login_successfully
[INFO ] 2022-08-31 23:18:20.517 [http-nio-8083-exec-1] HikariDataSource - HikariPool-1 - Starting...
[INFO ] 2022-08-31 23:18:20.735 [http-nio-8083-exec-1] HikariPool - HikariPool-1 - Added connection com.mysql.cj.jdbc.ConnectionImpl@6b299116
[INFO ] 2022-08-31 23:18:20.738 [http-nio-8083-exec-1] HikariDataSource - HikariPool-1 - Start completed.
[INFO ] 2022-08-31 23:18:50.040 [http-nio-8083-exec-10] UserLoginServlet - Admin_Login_successfully
[INFO ] 2022-08-31 23:21:02.973 [http-nio-8083-exec-1] HikariDataSource - HikariPool-1 - Starting...
[INFO ] 2022-08-31 23:21:03.175 [http-nio-8083-exec-1] HikariPool - HikariPool-1 - Added connection com.mysql.cj.jdbc.ConnectionImpl@6b299116
[INFO ] 2022-08-31 23:21:03.178 [http-nio-8083-exec-1] HikariDataSource - HikariPool-1 - Start completed.
[INFO ] 2022-08-31 23:21:13.109 [http-nio-8083-exec-9] UserLoginServlet - Admin_Login_successfully
[INFO ] 2022-08-31 23:30:39.375 [http-nio-8083-exec-1] HikariDataSource - HikariPool-1 - Starting...
[INFO ] 2022-08-31 23:30:39.575 [http-nio-8083-exec-1] HikariPool - HikariPool-1 - Added connection com.mysql.cj.jdbc.ConnectionImpl@6b299116
[INFO ] 2022-08-31 23:30:39.578 [http-nio-8083-exec-1] HikariDataSource - HikariPool-1 - Start completed.
[INFO ] 2022-08-31 23:30:51.698 [http-nio-8083-exec-9] UserLoginServlet - Added_to_cart
[INFO ] 2022-08-31 23:31:03.105 [http-nio-8083-exec-5] UserLoginServlet - Cruise_removed_from_cart
[INFO ] 2022-08-31 23:31:57.512 [http-nio-8083-exec-1] HikariDataSource - HikariPool-1 - Starting...
[INFO ] 2022-08-31 23:31:57.713 [http-nio-8083-exec-1] HikariPool - HikariPool-1 - Added connection com.mysql.cj.jdbc.ConnectionImpl@6b299116
[INFO ] 2022-08-31 23:31:57.715 [http-nio-8083-exec-1] HikariDataSource - HikariPool-1 - Start completed.
[INFO ] 2022-08-31 23:32:02.034 [http-nio-8083-exec-7] UserLoginServlet - Added_to_cart
[INFO ] 2022-08-31 23:32:16.970 [http-nio-8083-exec-7] UserLoginServlet - User_Login_successfully
[INFO ] 2022-08-31 23:33:56.706 [http-nio-8083-exec-1] HikariDataSource - HikariPool-1 - Starting...
[INFO ] 2022-08-31 23:33:56.910 [http-nio-8083-exec-1] HikariPool - HikariPool-1 - Added connection com.mysql.cj.jdbc.ConnectionImpl@6b299116
[INFO ] 2022-08-31 23:33:56.912 [http-nio-8083-exec-1] HikariDataSource - HikariPool-1 - Start completed.
[INFO ] 2022-08-31 23:34:06.153 [http-nio-8083-exec-8] UserLoginServlet - User_Login_successfully
[INFO ] 2022-08-31 23:34:29.562 [http-nio-8083-exec-1] UserLoginServlet - Admin_Login_successfully
[INFO ] 2022-08-31 23:39:15.985 [http-nio-8083-exec-1] HikariDataSource - HikariPool-1 - Starting...
[INFO ] 2022-08-31 23:39:16.194 [http-nio-8083-exec-1] HikariPool - HikariPool-1 - Added connection com.mysql.cj.jdbc.ConnectionImpl@2d1c96ec
[INFO ] 2022-08-31 23:39:16.197 [http-nio-8083-exec-1] HikariDataSource - HikariPool-1 - Start completed.
[INFO ] 2022-08-31 23:41:02.131 [http-nio-8083-exec-1] HikariDataSource - HikariPool-1 - Starting...
[INFO ] 2022-08-31 23:41:02.330 [http-nio-8083-exec-1] HikariPool - HikariPool-1 - Added connection com.mysql.cj.jdbc.ConnectionImpl@2d1c96ec
[INFO ] 2022-08-31 23:41:02.333 [http-nio-8083-exec-1] HikariDataSource - HikariPool-1 - Start completed.
[INFO ] 2022-08-31 23:46:32.690 [http-nio-8083-exec-9] UserLoginServlet - Admin_Login_successfully
[INFO ] 2022-08-31 23:51:21.132 [http-nio-8083-exec-1] HikariDataSource - HikariPool-1 - Starting...
[INFO ] 2022-08-31 23:51:21.323 [http-nio-8083-exec-1] HikariPool - HikariPool-1 - Added connection com.mysql.cj.jdbc.ConnectionImpl@2d1c96ec
[INFO ] 2022-08-31 23:51:21.326 [http-nio-8083-exec-1] HikariDataSource - HikariPool-1 - Start completed.
[INFO ] 2022-08-31 23:51:29.834 [http-nio-8083-exec-10] UserLoginServlet - Admin_Login_successfully
[INFO ] 2022-08-31 23:52:23.757 [http-nio-8083-exec-1] HikariDataSource - HikariPool-1 - Starting...
[INFO ] 2022-08-31 23:52:23.971 [http-nio-8083-exec-1] HikariPool - HikariPool-1 - Added connection com.mysql.cj.jdbc.ConnectionImpl@635b1b76
[INFO ] 2022-08-31 23:52:23.974 [http-nio-8083-exec-1] HikariDataSource - HikariPool-1 - Start completed.
[INFO ] 2022-08-31 23:52:32.749 [http-nio-8083-exec-8] UserLoginServlet - Admin_Login_successfully
[INFO ] 2022-08-31 23:54:02.215 [http-nio-8083-exec-1] HikariDataSource - HikariPool-1 - Starting...
[INFO ] 2022-08-31 23:54:02.408 [http-nio-8083-exec-1] HikariPool - HikariPool-1 - Added connection com.mysql.cj.jdbc.ConnectionImpl@6c3274a6
[INFO ] 2022-08-31 23:54:02.411 [http-nio-8083-exec-1] HikariDataSource - HikariPool-1 - Start completed.
[INFO ] 2022-08-31 23:54:10.207 [http-nio-8083-exec-8] UserLoginServlet - Admin_Login_successfully
